{"D:\\ftp项目\\upload-tool\\src\\widgets\\ftpUploader\\index.ts": {"path":"D:\\ftp项目\\upload-tool\\src\\widgets\\ftpUploader\\index.ts","statementMap":{"0":{"start":{"line":1,"column":0},"end":{"line":1,"column":25}},"1":{"start":{"line":3,"column":0},"end":{"line":3,"column":69}},"2":{"start":{"line":4,"column":0},"end":{"line":4,"column":44}},"3":{"start":{"line":5,"column":0},"end":{"line":5,"column":37}},"4":{"start":{"line":11,"column":6},"end":{"line":11,"column":17}},"5":{"start":{"line":12,"column":6},"end":{"line":12,"column":33}},"6":{"start":{"line":16,"column":8},"end":{"line":26,"column":null}},"7":{"start":{"line":17,"column":12},"end":{"line":17,"column":46}},"8":{"start":{"line":19,"column":12},"end":{"line":22,"column":15}},"9":{"start":{"line":20,"column":16},"end":{"line":20,"column":40}},"10":{"start":{"line":21,"column":16},"end":{"line":21,"column":37}},"11":{"start":{"line":23,"column":12},"end":{"line":25,"column":15}},"12":{"start":{"line":24,"column":16},"end":{"line":24,"column":43}},"13":{"start":{"line":30,"column":8},"end":{"line":47,"column":11}},"14":{"start":{"line":31,"column":12},"end":{"line":46,"column":15}},"15":{"start":{"line":32,"column":16},"end":{"line":39,"column":null}},"16":{"start":{"line":33,"column":20},"end":{"line":33,"column":38}},"17":{"start":{"line":34,"column":20},"end":{"line":38,"column":23}},"18":{"start":{"line":41,"column":16},"end":{"line":41,"column":51}},"19":{"start":{"line":42,"column":16},"end":{"line":45,"column":19}},"20":{"start":{"line":51,"column":8},"end":{"line":68,"column":null}},"21":{"start":{"line":52,"column":12},"end":{"line":67,"column":null}},"22":{"start":{"line":53,"column":16},"end":{"line":60,"column":null}},"23":{"start":{"line":54,"column":20},"end":{"line":54,"column":48}},"24":{"start":{"line":55,"column":20},"end":{"line":59,"column":23}},"25":{"start":{"line":62,"column":16},"end":{"line":62,"column":50}},"26":{"start":{"line":63,"column":16},"end":{"line":66,"column":19}},"27":{"start":{"line":72,"column":8},"end":{"line":88,"column":null}},"28":{"start":{"line":73,"column":12},"end":{"line":87,"column":15}},"29":{"start":{"line":74,"column":16},"end":{"line":80,"column":null}},"30":{"start":{"line":75,"column":20},"end":{"line":75,"column":38}},"31":{"start":{"line":76,"column":20},"end":{"line":79,"column":23}},"32":{"start":{"line":82,"column":16},"end":{"line":82,"column":44}},"33":{"start":{"line":83,"column":16},"end":{"line":86,"column":19}},"34":{"start":{"line":92,"column":8},"end":{"line":92,"column":30}},"35":{"start":{"line":94,"column":8},"end":{"line":110,"column":11}},"36":{"start":{"line":95,"column":12},"end":{"line":109,"column":15}},"37":{"start":{"line":96,"column":16},"end":{"line":102,"column":null}},"38":{"start":{"line":97,"column":20},"end":{"line":97,"column":38}},"39":{"start":{"line":98,"column":20},"end":{"line":101,"column":23}},"40":{"start":{"line":104,"column":16},"end":{"line":104,"column":44}},"41":{"start":{"line":105,"column":16},"end":{"line":108,"column":19}},"42":{"start":{"line":114,"column":8},"end":{"line":114,"column":26}},"43":{"start":{"line":7,"column":0},"end":{"line":7,"column":21}}},"fnMap":{"0":{"name":"(anonymous_8)","decl":{"start":{"line":10,"column":4},"end":{"line":10,"column":17}},"loc":{"start":{"line":10,"column":20},"end":{"line":13,"column":5}}},"1":{"name":"(anonymous_9)","decl":{"start":{"line":15,"column":17},"end":{"line":15,"column":24}},"loc":{"start":{"line":15,"column":24},"end":{"line":27,"column":null}}},"2":{"name":"(anonymous_11)","decl":{"start":{"line":16,"column":27},"end":{"line":16,"column":28}},"loc":{"start":{"line":16,"column":47},"end":{"line":26,"column":9}}},"3":{"name":"(anonymous_12)","decl":{"start":{"line":19,"column":36},"end":{"line":19,"column":39}},"loc":{"start":{"line":19,"column":41},"end":{"line":22,"column":13}}},"4":{"name":"(anonymous_13)","decl":{"start":{"line":23,"column":36},"end":{"line":23,"column":37}},"loc":{"start":{"line":23,"column":44},"end":{"line":25,"column":13}}},"5":{"name":"(anonymous_14)","decl":{"start":{"line":29,"column":11},"end":{"line":29,"column":16}},"loc":{"start":{"line":29,"column":34},"end":{"line":48,"column":5}}},"6":{"name":"(anonymous_15)","decl":{"start":{"line":30,"column":27},"end":{"line":30,"column":28}},"loc":{"start":{"line":30,"column":47},"end":{"line":47,"column":9}}},"7":{"name":"(anonymous_16)","decl":{"start":{"line":31,"column":41},"end":{"line":31,"column":42}},"loc":{"start":{"line":31,"column":49},"end":{"line":46,"column":13}}},"8":{"name":"(anonymous_17)","decl":{"start":{"line":50,"column":17},"end":{"line":50,"column":20}},"loc":{"start":{"line":50,"column":60},"end":{"line":69,"column":null}}},"9":{"name":"(anonymous_19)","decl":{"start":{"line":51,"column":27},"end":{"line":51,"column":28}},"loc":{"start":{"line":51,"column":47},"end":{"line":68,"column":9}}},"10":{"name":"(anonymous_20)","decl":{"start":{"line":52,"column":53},"end":{"line":52,"column":54}},"loc":{"start":{"line":52,"column":61},"end":{"line":67,"column":13}}},"11":{"name":"(anonymous_21)","decl":{"start":{"line":71,"column":17},"end":{"line":71,"column":23}},"loc":{"start":{"line":71,"column":36},"end":{"line":89,"column":null}}},"12":{"name":"(anonymous_23)","decl":{"start":{"line":72,"column":27},"end":{"line":72,"column":28}},"loc":{"start":{"line":72,"column":47},"end":{"line":88,"column":9}}},"13":{"name":"(anonymous_24)","decl":{"start":{"line":73,"column":37},"end":{"line":73,"column":40}},"loc":{"start":{"line":73,"column":43},"end":{"line":87,"column":13}}},"14":{"name":"(anonymous_25)","decl":{"start":{"line":91,"column":17},"end":{"line":91,"column":21}},"loc":{"start":{"line":91,"column":35},"end":{"line":111,"column":null}}},"15":{"name":"(anonymous_27)","decl":{"start":{"line":94,"column":27},"end":{"line":94,"column":28}},"loc":{"start":{"line":94,"column":47},"end":{"line":110,"column":9}}},"16":{"name":"(anonymous_28)","decl":{"start":{"line":95,"column":35},"end":{"line":95,"column":36}},"loc":{"start":{"line":95,"column":49},"end":{"line":109,"column":13}}},"17":{"name":"(anonymous_29)","decl":{"start":{"line":113,"column":17},"end":{"line":113,"column":22}},"loc":{"start":{"line":113,"column":22},"end":{"line":115,"column":null}}}},"branchMap":{"0":{"loc":{"start":{"line":32,"column":16},"end":{"line":39,"column":null}},"type":"if","locations":[{"start":{"line":32,"column":16},"end":{"line":39,"column":null}},{"start":{"line":32,"column":16},"end":{"line":39,"column":null}}]},"1":{"loc":{"start":{"line":53,"column":16},"end":{"line":60,"column":null}},"type":"if","locations":[{"start":{"line":53,"column":16},"end":{"line":60,"column":null}},{"start":{"line":53,"column":16},"end":{"line":60,"column":null}}]},"2":{"loc":{"start":{"line":74,"column":16},"end":{"line":80,"column":null}},"type":"if","locations":[{"start":{"line":74,"column":16},"end":{"line":80,"column":null}},{"start":{"line":74,"column":16},"end":{"line":80,"column":null}}]},"3":{"loc":{"start":{"line":92,"column":15},"end":{"line":92,"column":19}},"type":"binary-expr","locations":[{"start":{"line":92,"column":15},"end":{"line":92,"column":19}},{"start":{"line":92,"column":23},"end":{"line":92,"column":29}}]},"4":{"loc":{"start":{"line":96,"column":16},"end":{"line":102,"column":null}},"type":"if","locations":[{"start":{"line":96,"column":16},"end":{"line":102,"column":null}},{"start":{"line":96,"column":16},"end":{"line":102,"column":null}}]}},"s":{"0":1,"1":1,"2":1,"3":1,"4":12,"5":12,"6":1,"7":1,"8":1,"9":0,"10":0,"11":0,"12":0,"13":2,"14":2,"15":2,"16":1,"17":1,"18":1,"19":1,"20":3,"21":3,"22":5,"23":2,"24":2,"25":3,"26":3,"27":2,"28":2,"29":2,"30":1,"31":1,"32":1,"33":1,"34":2,"35":2,"36":2,"37":2,"38":0,"39":0,"40":2,"41":2,"42":1,"43":1},"f":{"0":12,"1":1,"2":1,"3":0,"4":0,"5":2,"6":2,"7":2,"8":3,"9":3,"10":5,"11":2,"12":2,"13":2,"14":2,"15":2,"16":2,"17":1},"b":{"0":[1,1],"1":[2,3],"2":[1,1],"3":[2,1],"4":[0,2]}}
,"D:\\ftp项目\\upload-tool\\src\\widgets\\sftpUploader\\index.ts": {"path":"D:\\ftp项目\\upload-tool\\src\\widgets\\sftpUploader\\index.ts","statementMap":{"0":{"start":{"line":1,"column":0},"end":{"line":1,"column":38}},"1":{"start":{"line":3,"column":0},"end":{"line":3,"column":69}},"2":{"start":{"line":4,"column":0},"end":{"line":4,"column":44}},"3":{"start":{"line":5,"column":0},"end":{"line":5,"column":37}},"4":{"start":{"line":11,"column":6},"end":{"line":11,"column":17}},"5":{"start":{"line":12,"column":6},"end":{"line":12,"column":33}},"6":{"start":{"line":16,"column":8},"end":{"line":25,"column":15}},"7":{"start":{"line":18,"column":16},"end":{"line":18,"column":36}},"8":{"start":{"line":19,"column":16},"end":{"line":22,"column":18}},"9":{"start":{"line":24,"column":16},"end":{"line":24,"column":44}},"10":{"start":{"line":29,"column":8},"end":{"line":42,"column":15}},"11":{"start":{"line":31,"column":16},"end":{"line":31,"column":51}},"12":{"start":{"line":32,"column":16},"end":{"line":35,"column":18}},"13":{"start":{"line":37,"column":16},"end":{"line":37,"column":52}},"14":{"start":{"line":38,"column":16},"end":{"line":41,"column":null}},"15":{"start":{"line":46,"column":8},"end":{"line":59,"column":15}},"16":{"start":{"line":48,"column":16},"end":{"line":48,"column":51}},"17":{"start":{"line":49,"column":16},"end":{"line":52,"column":18}},"18":{"start":{"line":54,"column":16},"end":{"line":54,"column":65}},"19":{"start":{"line":55,"column":16},"end":{"line":58,"column":null}},"20":{"start":{"line":63,"column":8},"end":{"line":76,"column":15}},"21":{"start":{"line":65,"column":16},"end":{"line":65,"column":44}},"22":{"start":{"line":66,"column":16},"end":{"line":69,"column":18}},"23":{"start":{"line":71,"column":16},"end":{"line":71,"column":59}},"24":{"start":{"line":72,"column":16},"end":{"line":75,"column":null}},"25":{"start":{"line":80,"column":8},"end":{"line":80,"column":30}},"26":{"start":{"line":82,"column":8},"end":{"line":91,"column":15}},"27":{"start":{"line":84,"column":16},"end":{"line":84,"column":42}},"28":{"start":{"line":85,"column":16},"end":{"line":88,"column":18}},"29":{"start":{"line":90,"column":16},"end":{"line":90,"column":43}},"30":{"start":{"line":95,"column":8},"end":{"line":95,"column":26}},"31":{"start":{"line":7,"column":0},"end":{"line":7,"column":21}}},"fnMap":{"0":{"name":"(anonymous_8)","decl":{"start":{"line":10,"column":4},"end":{"line":10,"column":17}},"loc":{"start":{"line":10,"column":20},"end":{"line":13,"column":5}}},"1":{"name":"(anonymous_9)","decl":{"start":{"line":15,"column":11},"end":{"line":15,"column":18}},"loc":{"start":{"line":15,"column":18},"end":{"line":26,"column":5}}},"2":{"name":"(anonymous_10)","decl":{"start":{"line":17,"column":18},"end":{"line":17,"column":21}},"loc":{"start":{"line":17,"column":23},"end":{"line":23,"column":13}}},"3":{"name":"(anonymous_11)","decl":{"start":{"line":23,"column":21},"end":{"line":23,"column":22}},"loc":{"start":{"line":23,"column":29},"end":{"line":25,"column":13}}},"4":{"name":"(anonymous_12)","decl":{"start":{"line":28,"column":11},"end":{"line":28,"column":16}},"loc":{"start":{"line":28,"column":34},"end":{"line":43,"column":5}}},"5":{"name":"(anonymous_13)","decl":{"start":{"line":30,"column":18},"end":{"line":30,"column":21}},"loc":{"start":{"line":30,"column":23},"end":{"line":36,"column":13}}},"6":{"name":"(anonymous_14)","decl":{"start":{"line":36,"column":21},"end":{"line":36,"column":22}},"loc":{"start":{"line":36,"column":29},"end":{"line":42,"column":13}}},"7":{"name":"(anonymous_15)","decl":{"start":{"line":45,"column":17},"end":{"line":45,"column":20}},"loc":{"start":{"line":45,"column":60},"end":{"line":60,"column":null}}},"8":{"name":"(anonymous_17)","decl":{"start":{"line":47,"column":18},"end":{"line":47,"column":21}},"loc":{"start":{"line":47,"column":23},"end":{"line":53,"column":13}}},"9":{"name":"(anonymous_18)","decl":{"start":{"line":53,"column":21},"end":{"line":53,"column":22}},"loc":{"start":{"line":53,"column":29},"end":{"line":59,"column":13}}},"10":{"name":"(anonymous_19)","decl":{"start":{"line":62,"column":17},"end":{"line":62,"column":23}},"loc":{"start":{"line":62,"column":36},"end":{"line":77,"column":null}}},"11":{"name":"(anonymous_21)","decl":{"start":{"line":64,"column":18},"end":{"line":64,"column":21}},"loc":{"start":{"line":64,"column":23},"end":{"line":70,"column":13}}},"12":{"name":"(anonymous_22)","decl":{"start":{"line":70,"column":21},"end":{"line":70,"column":22}},"loc":{"start":{"line":70,"column":29},"end":{"line":76,"column":13}}},"13":{"name":"(anonymous_23)","decl":{"start":{"line":79,"column":17},"end":{"line":79,"column":21}},"loc":{"start":{"line":79,"column":35},"end":{"line":92,"column":null}}},"14":{"name":"(anonymous_25)","decl":{"start":{"line":83,"column":18},"end":{"line":83,"column":19}},"loc":{"start":{"line":83,"column":27},"end":{"line":89,"column":13}}},"15":{"name":"(anonymous_26)","decl":{"start":{"line":89,"column":21},"end":{"line":89,"column":22}},"loc":{"start":{"line":89,"column":29},"end":{"line":91,"column":13}}},"16":{"name":"(anonymous_27)","decl":{"start":{"line":94,"column":17},"end":{"line":94,"column":22}},"loc":{"start":{"line":94,"column":22},"end":{"line":96,"column":null}}}},"branchMap":{"0":{"loc":{"start":{"line":80,"column":15},"end":{"line":80,"column":19}},"type":"binary-expr","locations":[{"start":{"line":80,"column":15},"end":{"line":80,"column":19}},{"start":{"line":80,"column":23},"end":{"line":80,"column":29}}]}},"s":{"0":0,"1":0,"2":0,"3":0,"4":0,"5":0,"6":0,"7":0,"8":0,"9":0,"10":0,"11":0,"12":0,"13":0,"14":0,"15":0,"16":0,"17":0,"18":0,"19":0,"20":0,"21":0,"22":0,"23":0,"24":0,"25":0,"26":0,"27":0,"28":0,"29":0,"30":0,"31":0},"f":{"0":0,"1":0,"2":0,"3":0,"4":0,"5":0,"6":0,"7":0,"8":0,"9":0,"10":0,"11":0,"12":0,"13":0,"14":0,"15":0,"16":0},"b":{"0":[0,0]}}
,"D:\\ftp项目\\upload-tool\\src\\widgets\\util\\index.ts": {"path":"D:\\ftp项目\\upload-tool\\src\\widgets\\util\\index.ts","statementMap":{"0":{"start":{"line":3,"column":0},"end":{"line":3,"column":20}},"1":{"start":{"line":4,"column":0},"end":{"line":4,"column":24}},"2":{"start":{"line":5,"column":0},"end":{"line":5,"column":24}},"3":{"start":{"line":11,"column":27},"end":{"line":13,"column":1}},"4":{"start":{"line":12,"column":4},"end":{"line":12,"column":46}},"5":{"start":{"line":11,"column":13},"end":{"line":11,"column":27}},"6":{"start":{"line":19,"column":22},"end":{"line":21,"column":1}},"7":{"start":{"line":20,"column":4},"end":{"line":20,"column":41}},"8":{"start":{"line":19,"column":13},"end":{"line":19,"column":22}},"9":{"start":{"line":31,"column":27},"end":{"line":41,"column":1}},"10":{"start":{"line":32,"column":22},"end":{"line":32,"column":24}},"11":{"start":{"line":34,"column":4},"end":{"line":38,"column":7}},"12":{"start":{"line":35,"column":8},"end":{"line":37,"column":null}},"13":{"start":{"line":36,"column":12},"end":{"line":36,"column":46}},"14":{"start":{"line":40,"column":4},"end":{"line":40,"column":16}},"15":{"start":{"line":31,"column":13},"end":{"line":31,"column":27}},"16":{"start":{"line":48,"column":30},"end":{"line":52,"column":1}},"17":{"start":{"line":49,"column":4},"end":{"line":51,"column":20}},"18":{"start":{"line":50,"column":8},"end":{"line":50,"column":54}},"19":{"start":{"line":48,"column":13},"end":{"line":48,"column":30}},"20":{"start":{"line":59,"column":25},"end":{"line":69,"column":1}},"21":{"start":{"line":60,"column":4},"end":{"line":68,"column":15}},"22":{"start":{"line":61,"column":24},"end":{"line":61,"column":47}},"23":{"start":{"line":62,"column":25},"end":{"line":62,"column":63}},"24":{"start":{"line":64,"column":8},"end":{"line":67,"column":10}},"25":{"start":{"line":59,"column":13},"end":{"line":59,"column":25}},"26":{"start":{"line":75,"column":33},"end":{"line":77,"column":1}},"27":{"start":{"line":76,"column":4},"end":{"line":76,"column":35}},"28":{"start":{"line":75,"column":13},"end":{"line":75,"column":33}}},"fnMap":{"0":{"name":"(anonymous_1)","decl":{"start":{"line":11,"column":27},"end":{"line":11,"column":28}},"loc":{"start":{"line":11,"column":56},"end":{"line":13,"column":1}}},"1":{"name":"(anonymous_2)","decl":{"start":{"line":19,"column":22},"end":{"line":19,"column":23}},"loc":{"start":{"line":19,"column":51},"end":{"line":21,"column":1}}},"2":{"name":"(anonymous_3)","decl":{"start":{"line":31,"column":27},"end":{"line":31,"column":28}},"loc":{"start":{"line":31,"column":91},"end":{"line":41,"column":1}}},"3":{"name":"(anonymous_4)","decl":{"start":{"line":34,"column":18},"end":{"line":34,"column":22}},"loc":{"start":{"line":34,"column":25},"end":{"line":38,"column":5}}},"4":{"name":"(anonymous_5)","decl":{"start":{"line":48,"column":30},"end":{"line":48,"column":31}},"loc":{"start":{"line":48,"column":65},"end":{"line":52,"column":1}}},"5":{"name":"(anonymous_6)","decl":{"start":{"line":49,"column":37},"end":{"line":49,"column":38}},"loc":{"start":{"line":49,"column":54},"end":{"line":51,"column":5}}},"6":{"name":"(anonymous_7)","decl":{"start":{"line":59,"column":25},"end":{"line":59,"column":26}},"loc":{"start":{"line":59,"column":60},"end":{"line":69,"column":1}}},"7":{"name":"(anonymous_8)","decl":{"start":{"line":60,"column":37},"end":{"line":60,"column":38}},"loc":{"start":{"line":60,"column":54},"end":{"line":68,"column":5}}},"8":{"name":"(anonymous_9)","decl":{"start":{"line":75,"column":33},"end":{"line":75,"column":34}},"loc":{"start":{"line":75,"column":54},"end":{"line":77,"column":1}}}},"branchMap":{"0":{"loc":{"start":{"line":35,"column":8},"end":{"line":37,"column":null}},"type":"if","locations":[{"start":{"line":35,"column":8},"end":{"line":37,"column":null}},{"start":{"line":35,"column":8},"end":{"line":37,"column":null}}]}},"s":{"0":1,"1":1,"2":1,"3":1,"4":0,"5":1,"6":1,"7":0,"8":1,"9":1,"10":2,"11":2,"12":0,"13":0,"14":2,"15":1,"16":1,"17":1,"18":0,"19":1,"20":1,"21":1,"22":0,"23":0,"24":0,"25":1,"26":1,"27":1,"28":1},"f":{"0":0,"1":0,"2":2,"3":0,"4":1,"5":0,"6":1,"7":0,"8":1},"b":{"0":[0,0]}}
,"D:\\ftp项目\\upload-tool\\src\\widgets\\util\\class\\index.ts": {"path":"D:\\ftp项目\\upload-tool\\src\\widgets\\util\\class\\index.ts","statementMap":{"0":{"start":{"line":1,"column":19},"end":{"line":1,"column":36}},"1":{"start":{"line":3,"column":0},"end":{"line":3,"column":35}},"2":{"start":{"line":4,"column":0},"end":{"line":4,"column":28}},"3":{"start":{"line":6,"column":0},"end":{"line":6,"column":50}},"4":{"start":{"line":7,"column":0},"end":{"line":7,"column":70}},"5":{"start":{"line":21,"column":8},"end":{"line":21,"column":16}},"6":{"start":{"line":22,"column":8},"end":{"line":22,"column":29}},"7":{"start":{"line":26,"column":8},"end":{"line":32,"column":16}},"8":{"start":{"line":33,"column":8},"end":{"line":33,"column":34}},"9":{"start":{"line":37,"column":20},"end":{"line":37,"column":46}},"10":{"start":{"line":38,"column":32},"end":{"line":38,"column":60}},"11":{"start":{"line":39,"column":33},"end":{"line":39,"column":56}},"12":{"start":{"line":41,"column":8},"end":{"line":43,"column":null}},"13":{"start":{"line":42,"column":12},"end":{"line":42,"column":43}},"14":{"start":{"line":45,"column":8},"end":{"line":45,"column":38}},"15":{"start":{"line":47,"column":8},"end":{"line":47,"column":37}},"16":{"start":{"line":51,"column":23},"end":{"line":53,"column":10}},"17":{"start":{"line":51,"column":46},"end":{"line":53,"column":10}},"18":{"start":{"line":52,"column":12},"end":{"line":52,"column":41}},"19":{"start":{"line":55,"column":8},"end":{"line":55,"column":37}},"20":{"start":{"line":60,"column":32},"end":{"line":60,"column":70}},"21":{"start":{"line":61,"column":48},"end":{"line":61,"column":50}},"22":{"start":{"line":63,"column":8},"end":{"line":69,"column":null}},"23":{"start":{"line":64,"column":12},"end":{"line":68,"column":null}},"24":{"start":{"line":65,"column":16},"end":{"line":65,"column":81}},"25":{"start":{"line":67,"column":16},"end":{"line":67,"column":98}},"26":{"start":{"line":67,"column":54},"end":{"line":67,"column":95}},"27":{"start":{"line":71,"column":8},"end":{"line":71,"column":39}},"28":{"start":{"line":75,"column":8},"end":{"line":75,"column":34}},"29":{"start":{"line":79,"column":8},"end":{"line":79,"column":34}},"30":{"start":{"line":17,"column":0},"end":{"line":17,"column":21}}},"fnMap":{"0":{"name":"(anonymous_8)","decl":{"start":{"line":20,"column":4},"end":{"line":20,"column":16}},"loc":{"start":{"line":20,"column":19},"end":{"line":23,"column":5}}},"1":{"name":"(anonymous_9)","decl":{"start":{"line":25,"column":11},"end":{"line":25,"column":21}},"loc":{"start":{"line":25,"column":26},"end":{"line":34,"column":5}}},"2":{"name":"(anonymous_10)","decl":{"start":{"line":36,"column":17},"end":{"line":36,"column":23}},"loc":{"start":{"line":36,"column":56},"end":{"line":48,"column":null}}},"3":{"name":"(anonymous_12)","decl":{"start":{"line":50,"column":17},"end":{"line":50,"column":27}},"loc":{"start":{"line":50,"column":43},"end":{"line":56,"column":null}}},"4":{"name":"(anonymous_14)","decl":{"start":{"line":51,"column":32},"end":{"line":51,"column":39}},"loc":{"start":{"line":51,"column":46},"end":{"line":53,"column":10}}},"5":{"name":"(anonymous_15)","decl":{"start":{"line":51,"column":46},"end":{"line":51,"column":null}},"loc":{"start":{"line":51,"column":46},"end":{"line":53,"column":9}}},"6":{"name":"(anonymous_16)","decl":{"start":{"line":58,"column":17},"end":{"line":58,"column":25}},"loc":{"start":{"line":58,"column":38},"end":{"line":72,"column":null}}},"7":{"name":"(anonymous_18)","decl":{"start":{"line":67,"column":48},"end":{"line":67,"column":51}},"loc":{"start":{"line":67,"column":54},"end":{"line":67,"column":95}}},"8":{"name":"(anonymous_19)","decl":{"start":{"line":74,"column":11},"end":{"line":74,"column":14}},"loc":{"start":{"line":74,"column":47},"end":{"line":76,"column":5}}},"9":{"name":"(anonymous_20)","decl":{"start":{"line":78,"column":11},"end":{"line":78,"column":16}},"loc":{"start":{"line":78,"column":33},"end":{"line":80,"column":5}}}},"branchMap":{"0":{"loc":{"start":{"line":41,"column":8},"end":{"line":43,"column":null}},"type":"if","locations":[{"start":{"line":41,"column":8},"end":{"line":43,"column":null}},{"start":{"line":41,"column":8},"end":{"line":43,"column":null}}]},"1":{"loc":{"start":{"line":64,"column":12},"end":{"line":68,"column":null}},"type":"if","locations":[{"start":{"line":64,"column":12},"end":{"line":68,"column":null}},{"start":{"line":64,"column":12},"end":{"line":68,"column":null}}]}},"s":{"0":1,"1":1,"2":1,"3":1,"4":1,"5":12,"6":12,"7":12,"8":12,"9":1,"10":1,"11":1,"12":1,"13":0,"14":1,"15":1,"16":0,"17":0,"18":0,"19":0,"20":1,"21":1,"22":1,"23":0,"24":0,"25":0,"26":0,"27":1,"28":0,"29":0,"30":1},"f":{"0":12,"1":12,"2":1,"3":0,"4":0,"5":0,"6":1,"7":0,"8":0,"9":0},"b":{"0":[0,1],"1":[0,0]}}
,"D:\\ftp项目\\upload-tool\\src\\widgets\\util\\const-code\\index.ts": {"path":"D:\\ftp项目\\upload-tool\\src\\widgets\\util\\const-code\\index.ts","statementMap":{"0":{"start":{"line":6,"column":21},"end":{"line":6,"column":22}},"1":{"start":{"line":17,"column":4},"end":{"line":17,"column":16}},"2":{"start":{"line":9,"column":19},"end":{"line":9,"column":20}},"3":{"start":{"line":18,"column":4},"end":{"line":18,"column":14}},"4":{"start":{"line":11,"column":20},"end":{"line":14,"column":null}},"5":{"start":{"line":19,"column":4},"end":{"line":19,"column":15}}},"fnMap":{},"branchMap":{},"s":{"0":1,"1":1,"2":1,"3":1,"4":1,"5":1},"f":{},"b":{}}
,"D:\\ftp项目\\upload-tool\\src\\widgets\\util\\log\\index.ts": {"path":"D:\\ftp项目\\upload-tool\\src\\widgets\\util\\log\\index.ts","statementMap":{"0":{"start":{"line":1,"column":0},"end":{"line":1,"column":35}},"1":{"start":{"line":3,"column":15},"end":{"line":3,"column":31}},"2":{"start":{"line":4,"column":0},"end":{"line":4,"column":23}},"3":{"start":{"line":6,"column":0},"end":{"line":6,"column":22}}},"fnMap":{},"branchMap":{},"s":{"0":1,"1":1,"2":1,"3":1},"f":{},"b":{}}
}
