TN:
SF:src\widgets\ftpUploader\index.ts
FN:10,(anonymous_8)
FN:15,(anonymous_9)
FN:16,(anonymous_11)
FN:19,(anonymous_12)
FN:23,(anonymous_13)
FN:29,(anonymous_14)
FN:30,(anonymous_15)
FN:31,(anonymous_16)
FN:50,(anonymous_17)
FN:51,(anonymous_19)
FN:52,(anonymous_20)
FN:71,(anonymous_21)
FN:72,(anonymous_23)
FN:73,(anonymous_24)
FN:91,(anonymous_25)
FN:94,(anonymous_27)
FN:95,(anonymous_28)
FN:113,(anonymous_29)
FNF:18
FNH:16
FNDA:12,(anonymous_8)
FNDA:1,(anonymous_9)
FNDA:1,(anonymous_11)
FNDA:0,(anonymous_12)
FNDA:0,(anonymous_13)
FNDA:2,(anonymous_14)
FNDA:2,(anonymous_15)
FNDA:2,(anonymous_16)
FNDA:3,(anonymous_17)
FNDA:3,(anonymous_19)
FNDA:5,(anonymous_20)
FNDA:2,(anonymous_21)
FNDA:2,(anonymous_23)
FNDA:2,(anonymous_24)
FNDA:2,(anonymous_25)
FNDA:2,(anonymous_27)
FNDA:2,(anonymous_28)
FNDA:1,(anonymous_29)
DA:1,1
DA:3,1
DA:4,1
DA:5,1
DA:7,1
DA:11,12
DA:12,12
DA:16,1
DA:17,1
DA:18,1
DA:19,1
DA:20,0
DA:21,0
DA:23,0
DA:24,0
DA:30,2
DA:31,2
DA:32,2
DA:33,1
DA:34,1
DA:41,1
DA:42,1
DA:51,3
DA:52,3
DA:53,5
DA:54,2
DA:55,2
DA:62,3
DA:63,3
DA:72,2
DA:73,2
DA:74,2
DA:75,1
DA:76,1
DA:82,1
DA:83,1
DA:92,2
DA:94,2
DA:95,2
DA:96,2
DA:97,0
DA:98,0
DA:104,2
DA:105,2
DA:114,1
LF:45
LH:39
BRDA:32,0,0,1
BRDA:32,0,1,1
BRDA:53,1,0,2
BRDA:53,1,1,3
BRDA:74,2,0,1
BRDA:74,2,1,1
BRDA:92,3,0,2
BRDA:92,3,1,1
BRDA:96,4,0,0
BRDA:96,4,1,2
BRF:10
BRH:9
end_of_record
TN:
SF:src\widgets\sftpUploader\index.ts
FN:10,(anonymous_8)
FN:15,(anonymous_9)
FN:17,(anonymous_10)
FN:23,(anonymous_11)
FN:28,(anonymous_12)
FN:30,(anonymous_13)
FN:36,(anonymous_14)
FN:45,(anonymous_15)
FN:47,(anonymous_17)
FN:53,(anonymous_18)
FN:62,(anonymous_19)
FN:64,(anonymous_21)
FN:70,(anonymous_22)
FN:79,(anonymous_23)
FN:83,(anonymous_25)
FN:89,(anonymous_26)
FN:94,(anonymous_27)
FNF:17
FNH:15
FNDA:11,(anonymous_8)
FNDA:1,(anonymous_9)
FNDA:1,(anonymous_10)
FNDA:0,(anonymous_11)
FNDA:2,(anonymous_12)
FNDA:1,(anonymous_13)
FNDA:1,(anonymous_14)
FNDA:3,(anonymous_15)
FNDA:2,(anonymous_17)
FNDA:1,(anonymous_18)
FNDA:2,(anonymous_19)
FNDA:1,(anonymous_21)
FNDA:1,(anonymous_22)
FNDA:1,(anonymous_23)
FNDA:1,(anonymous_25)
FNDA:0,(anonymous_26)
FNDA:1,(anonymous_27)
DA:1,1
DA:3,1
DA:4,1
DA:5,1
DA:7,1
DA:11,11
DA:12,11
DA:16,1
DA:18,1
DA:19,1
DA:24,0
DA:29,2
DA:31,1
DA:32,1
DA:37,1
DA:38,1
DA:46,3
DA:48,2
DA:49,2
DA:54,1
DA:55,1
DA:63,2
DA:65,1
DA:66,1
DA:71,1
DA:72,1
DA:80,1
DA:82,1
DA:84,1
DA:85,1
DA:90,0
DA:95,1
LF:32
LH:30
BRDA:80,0,0,1
BRDA:80,0,1,0
BRF:2
BRH:1
end_of_record
TN:
SF:src\widgets\util\index.ts
FN:11,(anonymous_1)
FN:19,(anonymous_2)
FN:31,(anonymous_3)
FN:34,(anonymous_4)
FN:48,(anonymous_5)
FN:49,(anonymous_6)
FN:59,(anonymous_7)
FN:60,(anonymous_8)
FN:75,(anonymous_9)
FNF:9
FNH:4
FNDA:0,(anonymous_1)
FNDA:0,(anonymous_2)
FNDA:4,(anonymous_3)
FNDA:0,(anonymous_4)
FNDA:2,(anonymous_5)
FNDA:0,(anonymous_6)
FNDA:2,(anonymous_7)
FNDA:0,(anonymous_8)
FNDA:2,(anonymous_9)
DA:3,2
DA:4,2
DA:5,2
DA:11,2
DA:12,0
DA:19,2
DA:20,0
DA:31,2
DA:32,4
DA:34,4
DA:35,0
DA:36,0
DA:40,4
DA:48,2
DA:49,2
DA:50,0
DA:59,2
DA:60,2
DA:61,0
DA:62,0
DA:64,0
DA:75,2
DA:76,2
LF:23
LH:15
BRDA:35,0,0,0
BRDA:35,0,1,0
BRF:2
BRH:0
end_of_record
TN:
SF:src\widgets\util\class\index.ts
FN:20,(anonymous_8)
FN:25,(anonymous_9)
FN:36,(anonymous_10)
FN:50,(anonymous_12)
FN:51,(anonymous_14)
FN:51,(anonymous_15)
FN:58,(anonymous_16)
FN:67,(anonymous_18)
FN:74,(anonymous_19)
FN:78,(anonymous_20)
FNF:10
FNH:4
FNDA:23,(anonymous_8)
FNDA:23,(anonymous_9)
FNDA:2,(anonymous_10)
FNDA:0,(anonymous_12)
FNDA:0,(anonymous_14)
FNDA:0,(anonymous_15)
FNDA:2,(anonymous_16)
FNDA:0,(anonymous_18)
FNDA:0,(anonymous_19)
FNDA:0,(anonymous_20)
DA:1,2
DA:3,2
DA:4,2
DA:6,2
DA:7,2
DA:17,2
DA:21,23
DA:22,23
DA:26,23
DA:33,23
DA:37,2
DA:38,2
DA:39,2
DA:41,2
DA:42,0
DA:45,2
DA:47,2
DA:51,0
DA:52,0
DA:55,0
DA:60,2
DA:61,2
DA:63,2
DA:64,0
DA:65,0
DA:67,0
DA:71,2
DA:75,0
DA:79,0
LF:29
LH:20
BRDA:41,0,0,0
BRDA:41,0,1,2
BRDA:64,1,0,0
BRDA:64,1,1,0
BRF:4
BRH:1
end_of_record
TN:
SF:src\widgets\util\const-code\index.ts
FNF:0
FNH:0
DA:6,2
DA:9,2
DA:11,2
DA:17,2
DA:18,2
DA:19,2
LF:6
LH:6
BRF:0
BRH:0
end_of_record
TN:
SF:src\widgets\util\log\index.ts
FNF:0
FNH:0
DA:1,2
DA:3,2
DA:4,2
DA:6,2
LF:4
LH:4
BRF:0
BRH:0
end_of_record
