TN:
SF:src\widgets\ftpUploader\index.ts
FN:10,(anonymous_8)
FN:15,(anonymous_9)
FN:16,(anonymous_11)
FN:19,(anonymous_12)
FN:23,(anonymous_13)
FN:29,(anonymous_14)
FN:30,(anonymous_15)
FN:31,(anonymous_16)
FN:50,(anonymous_17)
FN:51,(anonymous_19)
FN:52,(anonymous_20)
FN:71,(anonymous_21)
FN:72,(anonymous_23)
FN:73,(anonymous_24)
FN:91,(anonymous_25)
FN:94,(anonymous_27)
FN:95,(anonymous_28)
FN:113,(anonymous_29)
FNF:18
FNH:16
FNDA:12,(anonymous_8)
FNDA:1,(anonymous_9)
FNDA:1,(anonymous_11)
FNDA:0,(anonymous_12)
FNDA:0,(anonymous_13)
FNDA:2,(anonymous_14)
FNDA:2,(anonymous_15)
FNDA:2,(anonymous_16)
FNDA:3,(anonymous_17)
FNDA:3,(anonymous_19)
FNDA:5,(anonymous_20)
FNDA:2,(anonymous_21)
FNDA:2,(anonymous_23)
FNDA:2,(anonymous_24)
FNDA:2,(anonymous_25)
FNDA:2,(anonymous_27)
FNDA:2,(anonymous_28)
FNDA:1,(anonymous_29)
DA:1,1
DA:3,1
DA:4,1
DA:5,1
DA:7,1
DA:11,12
DA:12,12
DA:16,1
DA:17,1
DA:19,1
DA:20,0
DA:21,0
DA:23,0
DA:24,0
DA:30,2
DA:31,2
DA:32,2
DA:33,1
DA:34,1
DA:41,1
DA:42,1
DA:51,3
DA:52,3
DA:53,5
DA:54,2
DA:55,2
DA:62,3
DA:63,3
DA:72,2
DA:73,2
DA:74,2
DA:75,1
DA:76,1
DA:82,1
DA:83,1
DA:92,2
DA:94,2
DA:95,2
DA:96,2
DA:97,0
DA:98,0
DA:104,2
DA:105,2
DA:114,1
LF:44
LH:38
BRDA:32,0,0,1
BRDA:32,0,1,1
BRDA:53,1,0,2
BRDA:53,1,1,3
BRDA:74,2,0,1
BRDA:74,2,1,1
BRDA:92,3,0,2
BRDA:92,3,1,1
BRDA:96,4,0,0
BRDA:96,4,1,2
BRF:10
BRH:9
end_of_record
TN:
SF:src\widgets\sftpUploader\index.ts
FN:10,(anonymous_8)
FN:15,(anonymous_9)
FN:17,(anonymous_10)
FN:23,(anonymous_11)
FN:28,(anonymous_12)
FN:30,(anonymous_13)
FN:36,(anonymous_14)
FN:45,(anonymous_15)
FN:47,(anonymous_17)
FN:53,(anonymous_18)
FN:62,(anonymous_19)
FN:64,(anonymous_21)
FN:70,(anonymous_22)
FN:79,(anonymous_23)
FN:83,(anonymous_25)
FN:89,(anonymous_26)
FN:94,(anonymous_27)
FNF:17
FNH:0
FNDA:0,(anonymous_8)
FNDA:0,(anonymous_9)
FNDA:0,(anonymous_10)
FNDA:0,(anonymous_11)
FNDA:0,(anonymous_12)
FNDA:0,(anonymous_13)
FNDA:0,(anonymous_14)
FNDA:0,(anonymous_15)
FNDA:0,(anonymous_17)
FNDA:0,(anonymous_18)
FNDA:0,(anonymous_19)
FNDA:0,(anonymous_21)
FNDA:0,(anonymous_22)
FNDA:0,(anonymous_23)
FNDA:0,(anonymous_25)
FNDA:0,(anonymous_26)
FNDA:0,(anonymous_27)
DA:1,0
DA:3,0
DA:4,0
DA:5,0
DA:7,0
DA:11,0
DA:12,0
DA:16,0
DA:18,0
DA:19,0
DA:24,0
DA:29,0
DA:31,0
DA:32,0
DA:37,0
DA:38,0
DA:46,0
DA:48,0
DA:49,0
DA:54,0
DA:55,0
DA:63,0
DA:65,0
DA:66,0
DA:71,0
DA:72,0
DA:80,0
DA:82,0
DA:84,0
DA:85,0
DA:90,0
DA:95,0
LF:32
LH:0
BRDA:80,0,0,0
BRDA:80,0,1,0
BRF:2
BRH:0
end_of_record
TN:
SF:src\widgets\util\index.ts
FN:11,(anonymous_1)
FN:19,(anonymous_2)
FN:31,(anonymous_3)
FN:34,(anonymous_4)
FN:48,(anonymous_5)
FN:49,(anonymous_6)
FN:59,(anonymous_7)
FN:60,(anonymous_8)
FN:75,(anonymous_9)
FNF:9
FNH:4
FNDA:0,(anonymous_1)
FNDA:0,(anonymous_2)
FNDA:2,(anonymous_3)
FNDA:0,(anonymous_4)
FNDA:1,(anonymous_5)
FNDA:0,(anonymous_6)
FNDA:1,(anonymous_7)
FNDA:0,(anonymous_8)
FNDA:1,(anonymous_9)
DA:3,1
DA:4,1
DA:5,1
DA:11,1
DA:12,0
DA:19,1
DA:20,0
DA:31,1
DA:32,2
DA:34,2
DA:35,0
DA:36,0
DA:40,2
DA:48,1
DA:49,1
DA:50,0
DA:59,1
DA:60,1
DA:61,0
DA:62,0
DA:64,0
DA:75,1
DA:76,1
LF:23
LH:15
BRDA:35,0,0,0
BRDA:35,0,1,0
BRF:2
BRH:0
end_of_record
TN:
SF:src\widgets\util\class\index.ts
FN:20,(anonymous_8)
FN:25,(anonymous_9)
FN:36,(anonymous_10)
FN:50,(anonymous_12)
FN:51,(anonymous_14)
FN:51,(anonymous_15)
FN:58,(anonymous_16)
FN:67,(anonymous_18)
FN:74,(anonymous_19)
FN:78,(anonymous_20)
FNF:10
FNH:4
FNDA:12,(anonymous_8)
FNDA:12,(anonymous_9)
FNDA:1,(anonymous_10)
FNDA:0,(anonymous_12)
FNDA:0,(anonymous_14)
FNDA:0,(anonymous_15)
FNDA:1,(anonymous_16)
FNDA:0,(anonymous_18)
FNDA:0,(anonymous_19)
FNDA:0,(anonymous_20)
DA:1,1
DA:3,1
DA:4,1
DA:6,1
DA:7,1
DA:17,1
DA:21,12
DA:22,12
DA:26,12
DA:33,12
DA:37,1
DA:38,1
DA:39,1
DA:41,1
DA:42,0
DA:45,1
DA:47,1
DA:51,0
DA:52,0
DA:55,0
DA:60,1
DA:61,1
DA:63,1
DA:64,0
DA:65,0
DA:67,0
DA:71,1
DA:75,0
DA:79,0
LF:29
LH:20
BRDA:41,0,0,0
BRDA:41,0,1,1
BRDA:64,1,0,0
BRDA:64,1,1,0
BRF:4
BRH:1
end_of_record
TN:
SF:src\widgets\util\const-code\index.ts
FNF:0
FNH:0
DA:6,1
DA:9,1
DA:11,1
DA:17,1
DA:18,1
DA:19,1
LF:6
LH:6
BRF:0
BRH:0
end_of_record
TN:
SF:src\widgets\util\log\index.ts
FNF:0
FNH:0
DA:1,1
DA:3,1
DA:4,1
DA:6,1
LF:4
LH:4
BRF:0
BRH:0
end_of_record
